<?xml version="1.0" encoding="UTF-8"?>
<!-- Generated by org.testng.reporters.JUnitReportReporter -->
<testsuite name="abcd.Demo" tests="1" time="0.017" ignored="0" failures="0" timestamp="18 Feb 2021 11:04:19 GMT" skipped="0" hostname="DESKTOP-1335TBB" errors="0">
  <testcase name="testa" time="0.017" classname="abcd.Demo"/>
</testsuite> <!-- abcd.Demo -->
